[debug] [2022-08-18T09:02:03.461Z] ----------------------------------------------------------------------
[debug] [2022-08-18T09:02:03.463Z] Command:       C:\Program Files\nodejs\node.exe C:\Users\Reliance\AppData\Roaming\npm\node_modules\firebase-tools\lib\bin\firebase.js init
[debug] [2022-08-18T09:02:03.464Z] CLI Version:   11.7.0
[debug] [2022-08-18T09:02:03.464Z] Platform:      win32
[debug] [2022-08-18T09:02:03.464Z] Node Version:  v16.17.0
[debug] [2022-08-18T09:02:03.465Z] Time:          Thu Aug 18 2022 14:32:03 GMT+0530 (India Standard Time)
[debug] [2022-08-18T09:02:03.465Z] ----------------------------------------------------------------------
[debug] 
[debug] [2022-08-18T09:02:03.473Z] > command requires scopes: ["email","openid","https://www.googleapis.com/auth/cloudplatformprojects.readonly","https://www.googleapis.com/auth/firebase","https://www.googleapis.com/auth/cloud-platform"]
[debug] [2022-08-18T09:02:03.474Z] > authorizing via signed-in user (indranilsamanta782@gmail.com)
[info] 
     ######## #### ########  ######## ########     ###     ######  ########
     ##        ##  ##     ## ##       ##     ##  ##   ##  ##       ##
     ######    ##  ########  ######   ########  #########  ######  ######
     ##        ##  ##    ##  ##       ##     ## ##     ##       ## ##
     ##       #### ##     ## ######## ########  ##     ##  ######  ########

You're about to initialize a Firebase project in this directory:

  C:\Users\Reliance\Desktop\react-crypto-tracker-Firebase-Integration

[debug] [2022-08-18T09:30:57.605Z] Error: kill ENOSYS
    at process.kill (node:internal/process/per_thread:221:13)
    at process.listener (C:\Users\Reliance\AppData\Roaming\npm\node_modules\firebase-tools\node_modules\signal-exit\index.js:95:15)
    at process.emit (node:events:513:28)
[error] 
[error] Error: An unexpected error has occurred.
